<?xml version="1.0" encoding="UTF-8"?>
<!-- Generated by org.testng.reporters.JUnitXMLReporter -->
<testsuite ignored="0" hostname="IBM-H1DSCF4" failures="0" tests="69" name="Website Tests" time="179.292" errors="0" timestamp="2026-02-23T09:36:29 IST">
  <testcase classname="com.example.tests.LoginTest" name="emptyEmail_isRejectedByHtmlValidation" time="0.312"/>
  <testcase classname="com.example.tests.LoginTest" name="emptyFields_areRejectedByHtmlValidation" time="0.023"/>
  <testcase classname="com.example.tests.LoginTest" name="emptyPassword_isRejectedByHtmlValidation" time="0.184"/>
  <testcase classname="com.example.tests.LoginTest" name="invalidEmailFormat_isRejectedByHtmlValidation" time="0.326"/>
  <testcase classname="com.example.tests.LoginTest" name="loginButtonIsEnabled" time="0.052"/>
  <testcase classname="com.example.tests.LoginTest" name="sessionIsNotSetBeforeLogin" time="0.016"/>
  <testcase classname="com.example.tests.LoginTest" name="validLogin_setsSession" time="0.508"/>
  <testcase classname="com.example.tests.LoginTest" name="verifyLoginPageTitle" time="0.022"/>
  <testcase classname="com.example.tests.LoginTest" name="wrongPassword_showsErrorMessage" time="0.598"/>
  <testcase classname="com.example.tests.HomeTest" name="verifyCartCountInitiallyZero" time="0.052"/>
  <testcase classname="com.example.tests.HomeTest" name="verifyHeroSectionIsVisible" time="0.049"/>
  <testcase classname="com.example.tests.HomeTest" name="verifyHomeNavPillIsActive" time="0.079"/>
  <testcase classname="com.example.tests.HomeTest" name="verifyHomePageTitle" time="0.016"/>
  <testcase classname="com.example.tests.HomeTest" name="verifyHomeRedirectsToLoginWhenNotAuthenticated" time="0.133"/>
  <testcase classname="com.example.tests.HomeTest" name="verifyInitialResultsCountMatchesCards" time="0.098"/>
  <testcase classname="com.example.tests.HomeTest" name="verifyLogoutRedirectsToLoginPage" time="0.69"/>
  <testcase classname="com.example.tests.HomeTest" name="verifyProductsGridIsDisplayed" time="0.034"/>
  <testcase classname="com.example.tests.HomeTest" name="verifyReloadKeepsUserOnHomePage" time="0.147"/>
  <testcase classname="com.example.tests.HomeTest" name="verifyResultsCountTextFormat" time="0.041"/>
  <testcase classname="com.example.tests.HomeTest" name="verifySearchBoxIsVisible" time="0.048"/>
  <testcase classname="com.example.tests.HomeTest" name="verifySearchByNameReducesResults" time="0.31"/>
  <testcase classname="com.example.tests.HomeTest" name="verifySearchResultsCountUpdates" time="0.25"/>
  <testcase classname="com.example.tests.HomeTest" name="verifySearchUnknownShowsZeroResults" time="0.249"/>
  <testcase classname="com.example.tests.HomeTest" name="verifyToastIsHiddenByDefault" time="0.002"/>
  <testcase classname="com.example.tests.CartTest" name="verifyCartCountIsDisplayed" time="0.038"/>
  <testcase classname="com.example.tests.CartTest" name="verifyCartCountMatchesItems" time="0.045"/>
  <testcase classname="com.example.tests.CartTest" name="verifyCartInitiallyNotNegative" time="0.047"/>
  <testcase classname="com.example.tests.CartTest" name="verifyCartPageLoadsFast" time="0.031"/>
  <testcase classname="com.example.tests.CartTest" name="verifyCartPageTitle" time="0.017"/>
  <testcase classname="com.example.tests.CartTest" name="verifyCartTableIsVisible" time="0.05"/>
  <testcase classname="com.example.tests.CartTest" name="verifyCartTableNotEmptyAfterAdd" time="0.035"/>
  <testcase classname="com.example.tests.CartTest" name="verifyCartTitleIsDisplayed" time="0.049"/>
  <testcase classname="com.example.tests.CartTest" name="verifyCheckoutButtonIsEnabled" time="0.05"/>
  <testcase classname="com.example.tests.CartTest" name="verifyCheckoutDoesNotCrash" time="0.189"/>
  <testcase classname="com.example.tests.CartTest" name="verifyContinueShoppingRedirectsToHome" time="0.19"/>
  <testcase classname="com.example.tests.CartTest" name="verifyGrandTotalIsDisplayed" time="0.034"/>
  <testcase classname="com.example.tests.CartTest" name="verifyGrandTotalUpdatesAfterAdd" time="0.064"/>
  <testcase classname="com.example.tests.CartTest" name="verifyLogoutFromCart" time="0.227"/>
  <testcase classname="com.example.tests.CartTest" name="verifyUserStaysOnCartAfterRefresh" time="0.058"/>
  <testcase classname="com.example.tests.PaymentsTest" name="verifyBackToCartNavigation" time="0.179"/>
  <testcase classname="com.example.tests.PaymentsTest" name="verifyCartCountVisibleInHeader" time="0.034"/>
  <testcase classname="com.example.tests.PaymentsTest" name="verifyHeroIsVisible" time="0.049"/>
  <testcase classname="com.example.tests.PaymentsTest" name="verifyLogoutFromPayment" time="0.213"/>
  <testcase classname="com.example.tests.PaymentsTest" name="verifyOrderSummaryIsVisible" time="0.049"/>
  <testcase classname="com.example.tests.PaymentsTest" name="verifyPayButtonEnabled" time="0.034"/>
  <testcase classname="com.example.tests.PaymentsTest" name="verifyPayErrorElementPresent" time="0.044"/>
  <testcase classname="com.example.tests.PaymentsTest" name="verifyPayTotalIsDisplayed" time="0.046"/>
  <testcase classname="com.example.tests.PaymentsTest" name="verifyPaymentFormInvalidWhenEmpty" time="0.008"/>
  <testcase classname="com.example.tests.PaymentsTest" name="verifyPaymentFormIsVisible" time="0.051"/>
  <testcase classname="com.example.tests.PaymentsTest" name="verifyPaymentFormValidWithDetails" time="0.839"/>
  <testcase classname="com.example.tests.PaymentsTest" name="verifyPaymentPageLoadsFast" time="0.051"/>
  <testcase classname="com.example.tests.PaymentsTest" name="verifyPaymentPageStaysAfterRefresh" time="0.095"/>
  <testcase classname="com.example.tests.PaymentsTest" name="verifyPaymentPageTitle" time="0.002"/>
  <testcase classname="com.example.tests.PaymentsTest" name="verifySubmitDoesNotCrashWithValidData" time="0.948"/>
  <testcase classname="com.example.tests.OrdersTest" name="verifyCartCountVisibleInHeader" time="0.055"/>
  <testcase classname="com.example.tests.OrdersTest" name="verifyHeroVisible" time="0.04"/>
  <testcase classname="com.example.tests.OrdersTest" name="verifyLogoutFromOrders" time="0.238"/>
  <testcase classname="com.example.tests.OrdersTest" name="verifyOpenHomeAndBackToOrders" time="0.164"/>
  <testcase classname="com.example.tests.OrdersTest" name="verifyOrderCardRendered" time="0.012"/>
  <testcase classname="com.example.tests.OrdersTest" name="verifyOrdersHasPurchaseHistoryLabel" time="0.045"/>
  <testcase classname="com.example.tests.OrdersTest" name="verifyOrdersPageLoadsFast" time="0.046"/>
  <testcase classname="com.example.tests.OrdersTest" name="verifyOrdersPageTitle" time="0.008"/>
  <testcase classname="com.example.tests.OrdersTest" name="verifyOrdersPersistAfterRefresh" time="0.105"/>
  <testcase classname="com.example.tests.OrdersTest" name="verifyOrdersTextNotBlank" time="0.045"/>
  <testcase classname="com.example.tests.OrdersTest" name="verifyOrdersWrapVisible" time="0.035"/>
  <testcase classname="com.example.tests.OrdersTest" name="verifySeededOrderIdVisible" time="0.051"/>
  <testcase classname="com.example.tests.OrdersTest" name="verifySeededOrderItemVisible" time="0.04"/>
  <testcase classname="com.example.tests.OrdersTest" name="verifySeededOrderQuantityVisible" time="0.027"/>
  <testcase classname="com.example.tests.OrdersTest" name="verifySeededOrderTotalVisible" time="0.027"/>
</testsuite> <!-- Website Tests -->
