<?xml version="1.0" encoding="UTF-8"?>
<!-- Generated by org.testng.reporters.JUnitReportReporter -->
<testsuite hostname="IBM-H1DSCF4" failures="0" tests="15" name="com.example.tests.OrdersTest" time="20.535" errors="0" timestamp="2026-02-23T09:36:30 IST" skipped="0">
  <testcase classname="com.example.tests.OrdersTest" name="verifyOrdersPageTitle" time="1.272"/>
  <testcase classname="com.example.tests.OrdersTest" name="verifyOrderCardRendered" time="1.217"/>
  <testcase classname="com.example.tests.OrdersTest" name="verifySeededOrderItemVisible" time="1.266"/>
  <testcase classname="com.example.tests.OrdersTest" name="verifyHeroVisible" time="1.309"/>
  <testcase classname="com.example.tests.OrdersTest" name="verifySeededOrderTotalVisible" time="1.250"/>
  <testcase classname="com.example.tests.OrdersTest" name="verifyOrdersPersistAfterRefresh" time="1.393"/>
  <testcase classname="com.example.tests.OrdersTest" name="verifyCartCountVisibleInHeader" time="1.618"/>
  <testcase classname="com.example.tests.OrdersTest" name="verifyLogoutFromOrders" time="1.492"/>
  <testcase classname="com.example.tests.OrdersTest" name="verifyOpenHomeAndBackToOrders" time="1.706"/>
  <testcase classname="com.example.tests.OrdersTest" name="verifyOrdersPageLoadsFast" time="1.434"/>
  <testcase classname="com.example.tests.OrdersTest" name="verifyOrdersTextNotBlank" time="1.290"/>
  <testcase classname="com.example.tests.OrdersTest" name="verifyOrdersHasPurchaseHistoryLabel" time="1.355"/>
  <testcase classname="com.example.tests.OrdersTest" name="verifyOrdersWrapVisible" time="1.297"/>
  <testcase classname="com.example.tests.OrdersTest" name="verifySeededOrderIdVisible" time="1.308"/>
  <testcase classname="com.example.tests.OrdersTest" name="verifySeededOrderQuantityVisible" time="1.328"/>
</testsuite> <!-- com.example.tests.OrdersTest -->
