<?xml version="1.0" encoding="UTF-8"?>
<!-- Generated by org.testng.reporters.JUnitReportReporter -->
<testsuite hostname="IBM-H1DSCF4" failures="0" tests="15" name="com.example.tests.PaymentsTest" time="31.364" errors="0" timestamp="2026-02-23T09:36:30 IST" skipped="0">
  <testcase classname="com.example.tests.PaymentsTest" name="verifyPayErrorElementPresent" time="2.532"/>
  <testcase classname="com.example.tests.PaymentsTest" name="verifyPaymentFormIsVisible" time="1.807"/>
  <testcase classname="com.example.tests.PaymentsTest" name="verifyPaymentFormInvalidWhenEmpty" time="1.929"/>
  <testcase classname="com.example.tests.PaymentsTest" name="verifyPaymentPageStaysAfterRefresh" time="1.980"/>
  <testcase classname="com.example.tests.PaymentsTest" name="verifyPayTotalIsDisplayed" time="1.896"/>
  <testcase classname="com.example.tests.PaymentsTest" name="verifyPayButtonEnabled" time="1.983"/>
  <testcase classname="com.example.tests.PaymentsTest" name="verifyLogoutFromPayment" time="1.943"/>
  <testcase classname="com.example.tests.PaymentsTest" name="verifyCartCountVisibleInHeader" time="1.792"/>
  <testcase classname="com.example.tests.PaymentsTest" name="verifyHeroIsVisible" time="2.005"/>
  <testcase classname="com.example.tests.PaymentsTest" name="verifyBackToCartNavigation" time="2.061"/>
  <testcase classname="com.example.tests.PaymentsTest" name="verifyPaymentPageLoadsFast" time="1.900"/>
  <testcase classname="com.example.tests.PaymentsTest" name="verifySubmitDoesNotCrashWithValidData" time="2.884"/>
  <testcase classname="com.example.tests.PaymentsTest" name="verifyPaymentPageTitle" time="1.861"/>
  <testcase classname="com.example.tests.PaymentsTest" name="verifyPaymentFormValidWithDetails" time="2.766"/>
  <testcase classname="com.example.tests.PaymentsTest" name="verifyOrderSummaryIsVisible" time="2.025"/>
</testsuite> <!-- com.example.tests.PaymentsTest -->
