<?xml version="1.0" encoding="UTF-8"?>
<!-- Generated by org.testng.reporters.JUnitReportReporter -->
<testsuite hostname="IBM-H1DSCF4" failures="0" tests="15" name="com.example.tests.HomeTest" time="22.360" errors="0" timestamp="2026-02-23T09:36:30 IST" skipped="0">
  <testcase classname="com.example.tests.HomeTest" name="verifySearchResultsCountUpdates" time="1.571"/>
  <testcase classname="com.example.tests.HomeTest" name="verifyReloadKeepsUserOnHomePage" time="1.505"/>
  <testcase classname="com.example.tests.HomeTest" name="verifyToastIsHiddenByDefault" time="1.277"/>
  <testcase classname="com.example.tests.HomeTest" name="verifyHomeNavPillIsActive" time="1.360"/>
  <testcase classname="com.example.tests.HomeTest" name="verifyProductsGridIsDisplayed" time="1.401"/>
  <testcase classname="com.example.tests.HomeTest" name="verifyResultsCountTextFormat" time="1.290"/>
  <testcase classname="com.example.tests.HomeTest" name="verifyLogoutRedirectsToLoginPage" time="2.028"/>
  <testcase classname="com.example.tests.HomeTest" name="verifySearchBoxIsVisible" time="1.403"/>
  <testcase classname="com.example.tests.HomeTest" name="verifyHomeRedirectsToLoginWhenNotAuthenticated" time="1.511"/>
  <testcase classname="com.example.tests.HomeTest" name="verifyInitialResultsCountMatchesCards" time="1.583"/>
  <testcase classname="com.example.tests.HomeTest" name="verifySearchUnknownShowsZeroResults" time="1.809"/>
  <testcase classname="com.example.tests.HomeTest" name="verifyHeroSectionIsVisible" time="1.369"/>
  <testcase classname="com.example.tests.HomeTest" name="verifyHomePageTitle" time="1.323"/>
  <testcase classname="com.example.tests.HomeTest" name="verifyCartCountInitiallyZero" time="1.303"/>
  <testcase classname="com.example.tests.HomeTest" name="verifySearchByNameReducesResults" time="1.627"/>
</testsuite> <!-- com.example.tests.HomeTest -->
