<?xml version="1.0" encoding="UTF-8"?>
<!-- Generated by org.testng.reporters.JUnitReportReporter -->
<testsuite hostname="IBM-H1DSCF4" failures="0" tests="15" name="com.example.tests.CartTest" time="77.815" errors="0" timestamp="2026-02-23T09:36:30 IST" skipped="0">
  <testcase classname="com.example.tests.CartTest" name="verifyCartPageTitle" time="5.815"/>
  <testcase classname="com.example.tests.CartTest" name="verifyGrandTotalIsDisplayed" time="5.034"/>
  <testcase classname="com.example.tests.CartTest" name="verifyCartInitiallyNotNegative" time="5.321"/>
  <testcase classname="com.example.tests.CartTest" name="verifyCheckoutDoesNotCrash" time="5.437"/>
  <testcase classname="com.example.tests.CartTest" name="verifyCartCountMatchesItems" time="5.149"/>
  <testcase classname="com.example.tests.CartTest" name="verifyCheckoutButtonIsEnabled" time="4.878"/>
  <testcase classname="com.example.tests.CartTest" name="verifyGrandTotalUpdatesAfterAdd" time="5.279"/>
  <testcase classname="com.example.tests.CartTest" name="verifyCartPageLoadsFast" time="5.187"/>
  <testcase classname="com.example.tests.CartTest" name="verifyCartCountIsDisplayed" time="4.942"/>
  <testcase classname="com.example.tests.CartTest" name="verifyContinueShoppingRedirectsToHome" time="5.210"/>
  <testcase classname="com.example.tests.CartTest" name="verifyCartTableIsVisible" time="4.879"/>
  <testcase classname="com.example.tests.CartTest" name="verifyCartTitleIsDisplayed" time="5.097"/>
  <testcase classname="com.example.tests.CartTest" name="verifyLogoutFromCart" time="5.342"/>
  <testcase classname="com.example.tests.CartTest" name="verifyUserStaysOnCartAfterRefresh" time="5.020"/>
  <testcase classname="com.example.tests.CartTest" name="verifyCartTableNotEmptyAfterAdd" time="5.225"/>
</testsuite> <!-- com.example.tests.CartTest -->
