<?xml version="1.0" encoding="UTF-8"?>
<!-- Generated by org.testng.reporters.JUnitReportReporter -->
<testsuite hostname="IBM-H1DSCF4" failures="0" tests="9" name="com.example.tests.LoginTest" time="4.180" errors="0" timestamp="2026-02-23T09:36:30 IST" skipped="0">
  <testcase classname="com.example.tests.LoginTest" name="sessionIsNotSetBeforeLogin" time="0.243"/>
  <testcase classname="com.example.tests.LoginTest" name="validLogin_setsSession" time="0.739"/>
  <testcase classname="com.example.tests.LoginTest" name="emptyFields_areRejectedByHtmlValidation" time="0.253"/>
  <testcase classname="com.example.tests.LoginTest" name="wrongPassword_showsErrorMessage" time="0.804"/>
  <testcase classname="com.example.tests.LoginTest" name="invalidEmailFormat_isRejectedByHtmlValidation" time="0.546"/>
  <testcase classname="com.example.tests.LoginTest" name="verifyLoginPageTitle" time="0.370"/>
  <testcase classname="com.example.tests.LoginTest" name="emptyPassword_isRejectedByHtmlValidation" time="0.405"/>
  <testcase classname="com.example.tests.LoginTest" name="loginButtonIsEnabled" time="0.274"/>
  <testcase classname="com.example.tests.LoginTest" name="emptyEmail_isRejectedByHtmlValidation" time="0.546"/>
</testsuite> <!-- com.example.tests.LoginTest -->
