<?xml version="1.0" encoding="UTF-8"?>
<testsuite xmlns:xsi="http://www.w3.org/2001/XMLSchema-instance" xsi:noNamespaceSchemaLocation="https://maven.apache.org/surefire/maven-surefire-plugin/xsd/surefire-test-report.xsd" version="3.0.1" name="TestSuite" time="180.171" tests="69" errors="0" skipped="0" failures="0">
  <properties>
[...]
</properties>
  <testcase name="emptyEmail_isRejectedByHtmlValidation" classname="com.example.tests.LoginTest" time="0.334">
    <system-err><![CDATA[SLF4J(W): No SLF4J providers were found.
SLF4J(W): Defaulting to no-operation (NOP) logger implementation
SLF4J(W): See https://www.slf4j.org/codes.html#noProviders for further details.
Feb 23, 2026 9:33:35 AM org.openqa.selenium.devtools.CdpVersionFinder findNearestMatch
WARNING: Unable to find an exact match for CDP version 145, returning the closest version; found: 144; Please update to a Selenium version that supports CDP version 145
]]></system-err>
  </testcase>
  <testcase name="emptyFields_areRejectedByHtmlValidation" classname="com.example.tests.LoginTest" time="0.015"/>
  <testcase name="emptyPassword_isRejectedByHtmlValidation" classname="com.example.tests.LoginTest" time="0.187"/>
  <testcase name="invalidEmailFormat_isRejectedByHtmlValidation" classname="com.example.tests.LoginTest" time="0.344"/>
  <testcase name="loginButtonIsEnabled" classname="com.example.tests.LoginTest" time="0.059"/>
  <testcase name="sessionIsNotSetBeforeLogin" classname="com.example.tests.LoginTest" time="0.032"/>
  <testcase name="validLogin_setsSession" classname="com.example.tests.LoginTest" time="0.508"/>
  <testcase name="verifyLoginPageTitle" classname="com.example.tests.LoginTest" time="0.025"/>
  <testcase name="wrongPassword_showsErrorMessage" classname="com.example.tests.LoginTest" time="0.602"/>
  <testcase name="verifyCartCountInitiallyZero" classname="com.example.tests.HomeTest" time="0.06">
    <system-err><![CDATA[Feb 23, 2026 9:33:43 AM org.openqa.selenium.devtools.CdpVersionFinder findNearestMatch
WARNING: Unable to find an exact match for CDP version 145, returning the closest version; found: 144; Please update to a Selenium version that supports CDP version 145
]]></system-err>
  </testcase>
  <testcase name="verifyHeroSectionIsVisible" classname="com.example.tests.HomeTest" time="0.063"/>
  <testcase name="verifyHomeNavPillIsActive" classname="com.example.tests.HomeTest" time="0.079"/>
  <testcase name="verifyHomePageTitle" classname="com.example.tests.HomeTest" time="0.016"/>
  <testcase name="verifyHomeRedirectsToLoginWhenNotAuthenticated" classname="com.example.tests.HomeTest" time="0.133"/>
  <testcase name="verifyInitialResultsCountMatchesCards" classname="com.example.tests.HomeTest" time="0.112"/>
  <testcase name="verifyLogoutRedirectsToLoginPage" classname="com.example.tests.HomeTest" time="0.693"/>
  <testcase name="verifyProductsGridIsDisplayed" classname="com.example.tests.HomeTest" time="0.04"/>
  <testcase name="verifyReloadKeepsUserOnHomePage" classname="com.example.tests.HomeTest" time="0.162"/>
  <testcase name="verifyResultsCountTextFormat" classname="com.example.tests.HomeTest" time="0.045"/>
  <testcase name="verifySearchBoxIsVisible" classname="com.example.tests.HomeTest" time="0.048"/>
  <testcase name="verifySearchByNameReducesResults" classname="com.example.tests.HomeTest" time="0.318"/>
  <testcase name="verifySearchResultsCountUpdates" classname="com.example.tests.HomeTest" time="0.241"/>
  <testcase name="verifySearchUnknownShowsZeroResults" classname="com.example.tests.HomeTest" time="0.253"/>
  <testcase name="verifyToastIsHiddenByDefault" classname="com.example.tests.HomeTest" time="0.016"/>
  <testcase name="verifyCartCountIsDisplayed" classname="com.example.tests.CartTest" time="0.04">
    <system-err><![CDATA[Feb 23, 2026 9:34:10 AM org.openqa.selenium.devtools.CdpVersionFinder findNearestMatch
WARNING: Unable to find an exact match for CDP version 145, returning the closest version; found: 144; Please update to a Selenium version that supports CDP version 145
]]></system-err>
  </testcase>
  <testcase name="verifyCartCountMatchesItems" classname="com.example.tests.CartTest" time="0.049"/>
  <testcase name="verifyCartInitiallyNotNegative" classname="com.example.tests.CartTest" time="0.042"/>
  <testcase name="verifyCartPageLoadsFast" classname="com.example.tests.CartTest" time="0.033"/>
  <testcase name="verifyCartPageTitle" classname="com.example.tests.CartTest" time="0.012"/>
  <testcase name="verifyCartTableIsVisible" classname="com.example.tests.CartTest" time="0.051"/>
  <testcase name="verifyCartTableNotEmptyAfterAdd" classname="com.example.tests.CartTest" time="0.035"/>
  <testcase name="verifyCartTitleIsDisplayed" classname="com.example.tests.CartTest" time="0.05"/>
  <testcase name="verifyCheckoutButtonIsEnabled" classname="com.example.tests.CartTest" time="0.051"/>
  <testcase name="verifyCheckoutDoesNotCrash" classname="com.example.tests.CartTest" time="0.189"/>
  <testcase name="verifyContinueShoppingRedirectsToHome" classname="com.example.tests.CartTest" time="0.204"/>
  <testcase name="verifyGrandTotalIsDisplayed" classname="com.example.tests.CartTest" time="0.048"/>
  <testcase name="verifyGrandTotalUpdatesAfterAdd" classname="com.example.tests.CartTest" time="0.065"/>
  <testcase name="verifyLogoutFromCart" classname="com.example.tests.CartTest" time="0.235"/>
  <testcase name="verifyUserStaysOnCartAfterRefresh" classname="com.example.tests.CartTest" time="0.055"/>
  <testcase name="verifyBackToCartNavigation" classname="com.example.tests.PaymentsTest" time="0.182">
    <system-err><![CDATA[Feb 23, 2026 9:35:33 AM org.openqa.selenium.devtools.CdpVersionFinder findNearestMatch
WARNING: Unable to find an exact match for CDP version 145, returning the closest version; found: 144; Please update to a Selenium version that supports CDP version 145
]]></system-err>
  </testcase>
  <testcase name="verifyCartCountVisibleInHeader" classname="com.example.tests.PaymentsTest" time="0.043"/>
  <testcase name="verifyHeroIsVisible" classname="com.example.tests.PaymentsTest" time="0.054"/>
  <testcase name="verifyLogoutFromPayment" classname="com.example.tests.PaymentsTest" time="0.221"/>
  <testcase name="verifyOrderSummaryIsVisible" classname="com.example.tests.PaymentsTest" time="0.049"/>
  <testcase name="verifyPayButtonEnabled" classname="com.example.tests.PaymentsTest" time="0.033"/>
  <testcase name="verifyPayErrorElementPresent" classname="com.example.tests.PaymentsTest" time="0.052"/>
  <testcase name="verifyPayTotalIsDisplayed" classname="com.example.tests.PaymentsTest" time="0.05"/>
  <testcase name="verifyPaymentFormInvalidWhenEmpty" classname="com.example.tests.PaymentsTest" time="0.016"/>
  <testcase name="verifyPaymentFormIsVisible" classname="com.example.tests.PaymentsTest" time="0.051"/>
  <testcase name="verifyPaymentFormValidWithDetails" classname="com.example.tests.PaymentsTest" time="0.839"/>
  <testcase name="verifyPaymentPageLoadsFast" classname="com.example.tests.PaymentsTest" time="0.054"/>
  <testcase name="verifyPaymentPageStaysAfterRefresh" classname="com.example.tests.PaymentsTest" time="0.098"/>
  <testcase name="verifyPaymentPageTitle" classname="com.example.tests.PaymentsTest" time="0.008"/>
  <testcase name="verifySubmitDoesNotCrashWithValidData" classname="com.example.tests.PaymentsTest" time="0.949"/>
  <testcase name="verifyCartCountVisibleInHeader" classname="com.example.tests.OrdersTest" time="0.059">
    <system-err><![CDATA[Feb 23, 2026 9:36:08 AM org.openqa.selenium.devtools.CdpVersionFinder findNearestMatch
WARNING: Unable to find an exact match for CDP version 145, returning the closest version; found: 144; Please update to a Selenium version that supports CDP version 145
]]></system-err>
  </testcase>
  <testcase name="verifyHeroVisible" classname="com.example.tests.OrdersTest" time="0.042"/>
  <testcase name="verifyLogoutFromOrders" classname="com.example.tests.OrdersTest" time="0.244"/>
  <testcase name="verifyOpenHomeAndBackToOrders" classname="com.example.tests.OrdersTest" time="0.166"/>
  <testcase name="verifyOrderCardRendered" classname="com.example.tests.OrdersTest" time="0.025"/>
  <testcase name="verifyOrdersHasPurchaseHistoryLabel" classname="com.example.tests.OrdersTest" time="0.047"/>
  <testcase name="verifyOrdersPageLoadsFast" classname="com.example.tests.OrdersTest" time="0.049"/>
  <testcase name="verifyOrdersPageTitle" classname="com.example.tests.OrdersTest" time="0.012"/>
  <testcase name="verifyOrdersPersistAfterRefresh" classname="com.example.tests.OrdersTest" time="0.12"/>
  <testcase name="verifyOrdersTextNotBlank" classname="com.example.tests.OrdersTest" time="0.048"/>
  <testcase name="verifyOrdersWrapVisible" classname="com.example.tests.OrdersTest" time="0.036"/>
  <testcase name="verifySeededOrderIdVisible" classname="com.example.tests.OrdersTest" time="0.047"/>
  <testcase name="verifySeededOrderItemVisible" classname="com.example.tests.OrdersTest" time="0.044"/>
  <testcase name="verifySeededOrderQuantityVisible" classname="com.example.tests.OrdersTest" time="0.027"/>
  <testcase name="verifySeededOrderTotalVisible" classname="com.example.tests.OrdersTest" time="0.04"/>
</testsuite>